<?xml version="1.0" encoding="UTF-8"?>
<testsuite xmlns:xsi="http://www.w3.org/2001/XMLSchema-instance" xsi:noNamespaceSchemaLocation="https://maven.apache.org/surefire/maven-surefire-plugin/xsd/surefire-test-report-3.0.xsd" version="3.0" name="pizza.TestPizzaFactory" time="0.11" tests="22" errors="0" skipped="0" failures="0">
  <properties>
[...]
</properties>
  <testcase name="PizzaFactoryCreatePepperoniTest" classname="pizza.TestPizzaFactory" time="0.006"/>
  <testcase name="PizzaFactoryCreateCheeseTest" classname="pizza.TestPizzaFactory" time="0.001"/>
  <testcase name="PizzaTestGFBox" classname="pizza.TestPizzaFactory" time="0.002"/>
  <testcase name="PizzaTestGFCut" classname="pizza.TestPizzaFactory" time="0.001"/>
  <testcase name="PizzaTestGreekBox" classname="pizza.TestPizzaFactory" time="0.001"/>
  <testcase name="PizzaTestGreekCut" classname="pizza.TestPizzaFactory" time="0.001"/>
  <testcase name="PizzaTestCheeseBake" classname="pizza.TestPizzaFactory" time="0.002"/>
  <testcase name="PizzaTestCheesePrepare" classname="pizza.TestPizzaFactory" time="0.001"/>
  <testcase name="PizzaTestCheeseBox" classname="pizza.TestPizzaFactory" time="0.001"/>
  <testcase name="PizzaTestCheeseCut" classname="pizza.TestPizzaFactory" time="0.0"/>
  <testcase name="PizzaFactoryCreateGreekTest" classname="pizza.TestPizzaFactory" time="0.001"/>
  <testcase name="PizzaTestPepperoniPrepare" classname="pizza.TestPizzaFactory" time="0.0"/>
  <testcase name="PizzaTest" classname="pizza.TestPizzaFactory" time="0.001"/>
  <testcase name="SysOutTest" classname="pizza.TestPizzaFactory" time="0.0"/>
  <testcase name="PizzaFactoryCreateGlutenFreeTest" classname="pizza.TestPizzaFactory" time="0.001"/>
  <testcase name="PizzaTestGFPrepare" classname="pizza.TestPizzaFactory" time="0.0"/>
  <testcase name="PizzaTestGreekBake" classname="pizza.TestPizzaFactory" time="0.001"/>
  <testcase name="PizzaTestGFBake" classname="pizza.TestPizzaFactory" time="0.0"/>
  <testcase name="PizzaTestGreekPrepare" classname="pizza.TestPizzaFactory" time="0.0"/>
  <testcase name="PizzaTestPepperoniBake" classname="pizza.TestPizzaFactory" time="0.0"/>
  <testcase name="PizzaTestPepperoniBox" classname="pizza.TestPizzaFactory" time="0.0"/>
  <testcase name="PizzaTestPepperoniCut" classname="pizza.TestPizzaFactory" time="0.0"/>
</testsuite>